0 verbose cli /opt/homebrew/Cellar/node/25.4.0/bin/node /opt/homebrew/bin/npm
1 info using npm@11.7.0
2 info using node@v25.4.0
3 silly config load:file:/opt/homebrew/lib/node_modules/npm/npmrc
4 silly config load:file:/Volumes/KP.4ev/spectral-soundworks-app/.npmrc
5 silly config load:file:/Users/kp/.npmrc
6 silly config load:file:/opt/homebrew/etc/npmrc
7 verbose title npm install
8 verbose argv "install" "--cache" "./npm_cache"
9 verbose logfile logs-max:10 dir:/Volumes/KP.4ev/spectral-soundworks-app/npm_cache/_logs/2026-03-07T03_31_58_805Z-
10 verbose logfile /Volumes/KP.4ev/spectral-soundworks-app/npm_cache/_logs/2026-03-07T03_31_58_805Z-debug-0.log
11 silly logfile done cleaning log files
12 silly packumentCache heap:4496293888 maxSize:1124073472 maxEntrySize:562036736
13 silly idealTree buildDeps
14 silly reify moves {}
15 verbose stack Error: EPERM: operation not permitted, mkdir '/Volumes/KP.4ev/spectral-soundworks-app/node_modules'
15 verbose stack     at async mkdir (node:internal/fs/promises:856:10)
15 verbose stack     at async /opt/homebrew/lib/node_modules/npm/node_modules/@npmcli/arborist/lib/arborist/reify.js:572:20
15 verbose stack     at async Promise.allSettled (index 0)
15 verbose stack     at async #reifyPackages (/opt/homebrew/lib/node_modules/npm/node_modules/@npmcli/arborist/lib/arborist/reify.js:309:11)
15 verbose stack     at async Arborist.reify (/opt/homebrew/lib/node_modules/npm/node_modules/@npmcli/arborist/lib/arborist/reify.js:121:5)
15 verbose stack     at async Install.exec (/opt/homebrew/lib/node_modules/npm/lib/commands/install.js:150:5)
15 verbose stack     at async Npm.exec (/opt/homebrew/lib/node_modules/npm/lib/npm.js:208:9)
15 verbose stack     at async module.exports (/opt/homebrew/lib/node_modules/npm/lib/cli/entry.js:67:5)
16 error code EPERM
17 error syscall mkdir
18 error path /Volumes/KP.4ev/spectral-soundworks-app/node_modules
19 error errno -1
20 error Error: EPERM: operation not permitted, mkdir '/Volumes/KP.4ev/spectral-soundworks-app/node_modules'
20 error     at async mkdir (node:internal/fs/promises:856:10)
20 error     at async /opt/homebrew/lib/node_modules/npm/node_modules/@npmcli/arborist/lib/arborist/reify.js:572:20
20 error     at async Promise.allSettled (index 0)
20 error     at async #reifyPackages (/opt/homebrew/lib/node_modules/npm/node_modules/@npmcli/arborist/lib/arborist/reify.js:309:11)
20 error     at async Arborist.reify (/opt/homebrew/lib/node_modules/npm/node_modules/@npmcli/arborist/lib/arborist/reify.js:121:5)
20 error     at async Install.exec (/opt/homebrew/lib/node_modules/npm/lib/commands/install.js:150:5)
20 error     at async Npm.exec (/opt/homebrew/lib/node_modules/npm/lib/npm.js:208:9)
20 error     at async module.exports (/opt/homebrew/lib/node_modules/npm/lib/cli/entry.js:67:5) {
20 error   errno: -1,
20 error   code: 'EPERM',
20 error   syscall: 'mkdir',
20 error   path: '/Volumes/KP.4ev/spectral-soundworks-app/node_modules'
20 error }
21 error
21 error The operation was rejected by your operating system.
21 error It is likely you do not have the permissions to access this file as the current user
21 error
21 error If you believe this might be a permissions issue, please double-check the
21 error permissions of the file and its containing directories, or try running
21 error the command again as root/Administrator.
22 silly unfinished npm timer reify 1772854319058
23 silly unfinished npm timer reify:createSparse 1772854319177
24 verbose cwd /Volumes/KP.4ev/spectral-soundworks-app
25 verbose os Darwin 24.6.0
26 verbose node v25.4.0
27 verbose npm  v11.7.0
28 verbose exit -1
29 verbose code -1
30 error A complete log of this run can be found in: /Volumes/KP.4ev/spectral-soundworks-app/npm_cache/_logs/2026-03-07T03_31_58_805Z-debug-0.log
